<?xml version="1.0" encoding="UTF-8"?>
<testsuite xmlns:xsi="http://www.w3.org/2001/XMLSchema-instance" xsi:noNamespaceSchemaLocation="https://maven.apache.org/surefire/maven-surefire-plugin/xsd/surefire-test-report.xsd" name="com.snc.AppTest" time="15.032" tests="3" errors="0" skipped="0" failures="0">
  <properties>
[...]
</properties>
  <testcase name="testHello" classname="com.snc.AppTest" time="0.002"/>
  <testcase name="testSleepySleepyHello" classname="com.snc.AppTest" time="10.002"/>
  <testcase name="testSleepyHello" classname="com.snc.AppTest" time="5.003"/>
</testsuite>